  Compiling CUDA source file LU.cu...
  
  C:\Users\kyuriy\Desktop\Project\LU\LU>"C:\Program Files\NVIDIA GPU Computing Toolkit\CUDA\v8.0\bin\nvcc.exe" -gencode=arch=compute_20,code=\"sm_20,compute_20\" --use-local-env --cl-version 2015 -ccbin "C:\Program Files (x86)\Microsoft Visual Studio 14.0\VC\bin\x86_amd64"  -I"C:\Program Files\NVIDIA GPU Computing Toolkit\CUDA\v8.0\include" -I"C:\Program Files\NVIDIA GPU Computing Toolkit\CUDA\v8.0\include" -I"C:\Program Files\NVIDIA GPU Computing Toolkit\CUDA\v8.0\include"     --keep-dir x64\Release -maxrregcount=0  --machine 64 --compile -cudart static     -DWIN32 -DWIN64 -DNDEBUG -D_CONSOLE -D_MBCS -Xcompiler "/EHsc /W3 /nologo /O2 /FS /Zi  /MD " -o x64\Release\LU.cu.obj "C:\Users\kyuriy\Desktop\Project\LU\LU\LU.cu" 
C:/Users/kyuriy/Desktop/Project/LU/LU/LU.cu(27): warning : variable "stat" was declared but never referenced
C:/Users/kyuriy/Desktop/Project/LU/LU/LU.cu(28): warning : variable "cudaStatus" was set but never used
C:/Users/kyuriy/Desktop/Project/LU/LU/LU.cu(29): warning : variable "cusolverStatus" was set but never used
C:/Users/kyuriy/Desktop/Project/LU/LU/LU.cu(150): warning : variable "warpSize" was declared but never referenced
C:/Users/kyuriy/Desktop/Project/LU/LU/LU.cu(27): warning : variable "stat" was declared but never referenced
C:/Users/kyuriy/Desktop/Project/LU/LU/LU.cu(28): warning : variable "cudaStatus" was set but never used
C:/Users/kyuriy/Desktop/Project/LU/LU/LU.cu(29): warning : variable "cusolverStatus" was set but never used
C:/Users/kyuriy/Desktop/Project/LU/LU/LU.cu(150): warning : variable "warpSize" was declared but never referenced
CUDACOMPILE : nvcc warning : The 'compute_20', 'sm_20', and 'sm_21' architectures are deprecated, and may be removed in a future release (Use -Wno-deprecated-gpu-targets to suppress warning).
  LU.cu
C:/Users/kyuriy/Desktop/Project/LU/LU/LU.cu(27): warning C4101: 'stat': unreferenced local variable
LINK : warning LNK4098: defaultlib 'LIBCMT' conflicts with use of other libs; use /NODEFAULTLIB:library
  LINK : /LTCG specified but no code generation required; remove /LTCG from the link command line to improve linker performance
  LU.vcxproj -> C:\Users\kyuriy\Desktop\Project\LU\x64\Release\LU.exe
  LU.vcxproj -> C:\Users\kyuriy\Desktop\Project\LU\x64\Release\LU.pdb (Full PDB)
  copy "C:\Program Files\NVIDIA GPU Computing Toolkit\CUDA\v8.0\bin\cudart*.dll" "C:\Users\kyuriy\Desktop\Project\LU\x64\Release\"
  C:\Program Files\NVIDIA GPU Computing Toolkit\CUDA\v8.0\bin\cudart32_80.dll
  C:\Program Files\NVIDIA GPU Computing Toolkit\CUDA\v8.0\bin\cudart64_80.dll
          2 file(s) copied.
